{"level":"info","ts":"2023-01-25T16:35:46.795+0300","caller":"api/gateway.go:58","msg":"Start to listen to","port":"6000"}
{"level":"info","ts":"2023-01-25T17:08:32.049+0300","caller":"api/gateway.go:58","msg":"Start to listen to","port":"6000"}
{"level":"info","ts":"2023-01-25T17:14:22.205+0300","caller":"api/gateway.go:58","msg":"Start to listen to","port":"6000"}
{"level":"info","ts":"2023-01-25T17:25:23.192+0300","caller":"api/gateway.go:58","msg":"Start to listen to","port":"6000"}
{"level":"info","ts":"2023-01-25T17:26:27.464+0300","caller":"api/logger.go:60","msg":"started","Method":"GET","URL":"/api/v1/hello/","X-request-ID":"228428c0-4373-4884-bb3a-2968531ba87a"}
{"level":"info","ts":"2023-01-25T17:26:27.464+0300","caller":"api/logger.go:81","msg":"completed","Method":"GET","Code":200,"Status":"OK","URL":"/api/v1/hello/","X-request-ID":"228428c0-4373-4884-bb3a-2968531ba87a","took":0.000011131}
{"level":"info","ts":"2023-01-25T17:29:02.439+0300","caller":"api/gateway.go:58","msg":"Start to listen to","port":"6000"}
{"level":"info","ts":"2023-01-25T17:38:12.700+0300","caller":"api/gateway.go:58","msg":"Start to listen to","port":"6000"}
{"level":"info","ts":"2023-01-25T17:40:26.841+0300","caller":"api/logger.go:60","msg":"started","Method":"GET","URL":"/api/v1/hello/","X-request-ID":"08827ede-864a-4d83-8ddf-63489d232eea"}
{"level":"info","ts":"2023-01-25T17:40:26.842+0300","caller":"api/logger.go:81","msg":"completed","Method":"GET","Code":200,"Status":"OK","URL":"/api/v1/hello/","X-request-ID":"08827ede-864a-4d83-8ddf-63489d232eea","took":0.000015038}
{"level":"info","ts":"2023-01-25T17:40:53.530+0300","caller":"api/logger.go:60","msg":"started","Method":"POST","URL":"/api/v1/hello/","X-request-ID":"dc58e0b7-395a-4ec5-b043-ba1d16705b77"}
{"level":"warn","ts":"2023-01-25T17:40:53.532+0300","caller":"api/gateway.go:227","msg":"can't getServicesInfo: can't Unmarshal response body: invalid character 'p' after top-level value"}
{"level":"info","ts":"2023-01-25T17:40:53.533+0300","caller":"api/logger.go:81","msg":"completed","Method":"POST","Code":200,"Status":"OK","URL":"/api/v1/hello/","X-request-ID":"dc58e0b7-395a-4ec5-b043-ba1d16705b77","took":0.002732334}
{"level":"info","ts":"2023-01-25T17:43:48.804+0300","caller":"api/gateway.go:58","msg":"Start to listen to","port":"6000"}
{"level":"info","ts":"2023-01-25T17:44:09.643+0300","caller":"api/logger.go:60","msg":"started","Method":"GET","URL":"/hello/","X-request-ID":"fda5f697-f766-417c-8040-85b76acc7153"}
{"level":"info","ts":"2023-01-25T17:44:09.643+0300","caller":"api/logger.go:81","msg":"completed","Method":"GET","Code":200,"Status":"OK","URL":"/hello/","X-request-ID":"fda5f697-f766-417c-8040-85b76acc7153","took":0.000010515}
{"level":"info","ts":"2023-01-25T17:44:09.645+0300","caller":"api/logger.go:60","msg":"started","Method":"POST","URL":"/hello/","X-request-ID":"87ee7660-c150-46b5-a9db-293119051f22"}
{"level":"warn","ts":"2023-01-25T17:44:09.647+0300","caller":"api/gateway.go:227","msg":"can't getServicesInfo: can't Unmarshal response body: invalid character 'p' after top-level value"}
{"level":"info","ts":"2023-01-25T17:44:09.647+0300","caller":"api/logger.go:81","msg":"completed","Method":"POST","Code":200,"Status":"OK","URL":"/hello/","X-request-ID":"87ee7660-c150-46b5-a9db-293119051f22","took":0.001396836}
{"level":"error","ts":"2023-01-25T17:51:57.752+0300","caller":"api/gateway.go:56","msg":"can't UpdateServicesInfo can't getServicesInfo: can't Unmarshal response body: invalid character 'p' after top-level value","stacktrace":"ApiGateway/internal/api.(*gateWay).Start\n\t/home/rodmul/GolandProjects/github.com/Petland/ApiGateway/internal/api/gateway.go:56\nmain.main\n\t/home/rodmul/GolandProjects/github.com/Petland/ApiGateway/cmd/main.go:15\nruntime.main\n\t/usr/lib/go-1.18/src/runtime/proc.go:250"}
{"level":"info","ts":"2023-01-25T17:51:57.752+0300","caller":"api/gateway.go:58","msg":"Start to listen to","port":"6000"}
{"level":"fatal","ts":"2023-01-25T17:51:57.752+0300","caller":"cmd/main.go:17","msg":"Can't start gateway api","error":"can't Start() Gateway: listen tcp :6000: bind: address already in use","stacktrace":"main.main\n\t/home/rodmul/GolandProjects/github.com/Petland/ApiGateway/cmd/main.go:17\nruntime.main\n\t/usr/lib/go-1.18/src/runtime/proc.go:250"}
{"level":"info","ts":"2023-01-25T17:52:09.596+0300","caller":"api/gateway.go:58","msg":"Start to listen to","port":"6000"}
{"level":"fatal","ts":"2023-01-25T17:52:09.597+0300","caller":"cmd/main.go:17","msg":"Can't start gateway api","error":"can't Start() Gateway: listen tcp :6000: bind: address already in use","stacktrace":"main.main\n\t/home/rodmul/GolandProjects/github.com/Petland/ApiGateway/cmd/main.go:17\nruntime.main\n\t/usr/lib/go-1.18/src/runtime/proc.go:250"}
{"level":"info","ts":"2023-01-25T17:53:38.563+0300","caller":"api/gateway.go:58","msg":"Start to listen to","port":"6000"}
{"level":"fatal","ts":"2023-01-25T17:53:38.563+0300","caller":"cmd/main.go:17","msg":"Can't start gateway api","error":"can't Start() Gateway: listen tcp :6000: bind: address already in use","stacktrace":"main.main\n\t/home/rodmul/GolandProjects/github.com/Petland/ApiGateway/cmd/main.go:17\nruntime.main\n\t/usr/lib/go-1.18/src/runtime/proc.go:250"}
{"level":"info","ts":"2023-01-25T18:00:19.904+0300","caller":"api/gateway.go:58","msg":"Start to listen to","port":"6000"}
{"level":"info","ts":"2023-01-25T18:00:32.131+0300","caller":"api/logger.go:60","msg":"started","Method":"GET","URL":"/hello/","X-request-ID":"135eb885-33b2-4556-8681-d85a73c3303c"}
{"level":"info","ts":"2023-01-25T18:00:32.131+0300","caller":"api/logger.go:81","msg":"completed","Method":"GET","Code":200,"Status":"OK","URL":"/hello/","X-request-ID":"135eb885-33b2-4556-8681-d85a73c3303c","took":0.000019527}
{"level":"info","ts":"2023-01-25T18:00:32.135+0300","caller":"api/logger.go:60","msg":"started","Method":"POST","URL":"/hello/","X-request-ID":"ef9c780b-1be0-4125-a729-7b800de190fb"}
{"level":"warn","ts":"2023-01-25T18:00:32.136+0300","caller":"api/gateway.go:227","msg":"can't getServicesInfo: can't Unmarshal response body: invalid character 'p' after top-level value"}
{"level":"info","ts":"2023-01-25T18:00:32.136+0300","caller":"api/logger.go:81","msg":"completed","Method":"POST","Code":200,"Status":"OK","URL":"/hello/","X-request-ID":"ef9c780b-1be0-4125-a729-7b800de190fb","took":0.001138822}
{"level":"info","ts":"2023-01-25T18:03:10.169+0300","caller":"api/gateway.go:58","msg":"Start to listen to","port":"6000"}
{"level":"info","ts":"2023-01-25T18:04:04.891+0300","caller":"api/logger.go:60","msg":"started","Method":"GET","URL":"/hello/","X-request-ID":"005206d5-aa21-428e-bbc8-60529a8e0fb9"}
{"level":"info","ts":"2023-01-25T18:06:15.282+0300","caller":"api/logger.go:81","msg":"completed","Method":"GET","Code":200,"Status":"OK","URL":"/hello/","X-request-ID":"005206d5-aa21-428e-bbc8-60529a8e0fb9","took":130.39099054}
{"level":"info","ts":"2023-01-25T18:07:07.830+0300","caller":"api/logger.go:60","msg":"started","Method":"POST","URL":"/hello/","X-request-ID":"f039183d-b297-4386-ab32-7f4ee26a00cb"}
{"level":"warn","ts":"2023-01-25T18:09:50.207+0300","caller":"api/gateway.go:227","msg":"can't getServicesInfo: can't Unmarshal response body: invalid character 'p' after top-level value"}
{"level":"info","ts":"2023-01-25T18:09:50.207+0300","caller":"api/logger.go:81","msg":"completed","Method":"POST","Code":200,"Status":"OK","URL":"/hello/","X-request-ID":"f039183d-b297-4386-ab32-7f4ee26a00cb","took":162.377241479}
{"level":"info","ts":"2023-01-25T18:24:29.339+0300","caller":"api/gateway.go:58","msg":"Start to listen to","port":"6000"}
{"level":"info","ts":"2023-01-25T18:24:50.245+0300","caller":"api/logger.go:60","msg":"started","Method":"GET","URL":"/hello/","X-request-ID":"f775e7b0-caf4-4f04-8d16-c7f04c9ae7e6"}
{"level":"info","ts":"2023-01-25T18:24:50.245+0300","caller":"api/logger.go:81","msg":"completed","Method":"GET","Code":200,"Status":"OK","URL":"/hello/","X-request-ID":"f775e7b0-caf4-4f04-8d16-c7f04c9ae7e6","took":0.000039181}
{"level":"info","ts":"2023-01-25T18:24:50.249+0300","caller":"api/logger.go:60","msg":"started","Method":"POST","URL":"/hello/","X-request-ID":"0645b41d-3723-48c9-8457-c9be65fb1075"}
{"level":"info","ts":"2023-01-25T18:40:32.768+0300","caller":"api/logger.go:81","msg":"completed","Method":"POST","Code":200,"Status":"OK","URL":"/hello/","X-request-ID":"0645b41d-3723-48c9-8457-c9be65fb1075","took":941.522614503}
{"level":"info","ts":"2023-01-25T18:40:39.541+0300","caller":"api/gateway.go:58","msg":"Start to listen to","port":"6000"}
{"level":"info","ts":"2023-01-25T18:40:54.888+0300","caller":"api/logger.go:60","msg":"started","Method":"GET","URL":"/hello/","X-request-ID":"c6637296-2de2-4944-b41e-acddd30fec21"}
{"level":"info","ts":"2023-01-25T18:40:54.888+0300","caller":"api/logger.go:81","msg":"completed","Method":"GET","Code":200,"Status":"OK","URL":"/hello/","X-request-ID":"c6637296-2de2-4944-b41e-acddd30fec21","took":0.000032395}
{"level":"info","ts":"2023-01-25T18:40:54.890+0300","caller":"api/logger.go:60","msg":"started","Method":"POST","URL":"/hello/","X-request-ID":"3b13ee8e-0deb-4595-923d-0b36cb0b320a"}
{"level":"info","ts":"2023-01-25T18:41:37.299+0300","caller":"api/logger.go:81","msg":"completed","Method":"POST","Code":200,"Status":"OK","URL":"/hello/","X-request-ID":"3b13ee8e-0deb-4595-923d-0b36cb0b320a","took":42.40902064}
{"level":"info","ts":"2023-01-25T18:43:50.736+0300","caller":"api/gateway.go:58","msg":"Start to listen to","port":"6000"}
{"level":"info","ts":"2023-01-25T18:44:06.907+0300","caller":"api/logger.go:60","msg":"started","Method":"GET","URL":"/hello/","X-request-ID":"67f4c191-435a-491d-b950-f19ddaea06c9"}
{"level":"info","ts":"2023-01-25T18:44:06.907+0300","caller":"api/logger.go:81","msg":"completed","Method":"GET","Code":200,"Status":"OK","URL":"/hello/","X-request-ID":"67f4c191-435a-491d-b950-f19ddaea06c9","took":0.00001044}
{"level":"info","ts":"2023-01-25T18:44:06.909+0300","caller":"api/logger.go:60","msg":"started","Method":"POST","URL":"/hello/","X-request-ID":"d411d3b3-58bd-4132-ab17-b4d8bb559133"}
{"level":"info","ts":"2023-01-25T18:44:06.926+0300","caller":"api/logger.go:81","msg":"completed","Method":"POST","Code":200,"Status":"OK","URL":"/hello/","X-request-ID":"d411d3b3-58bd-4132-ab17-b4d8bb559133","took":0.017174286}
{"level":"info","ts":"2023-01-25T18:46:46.307+0300","caller":"api/gateway.go:58","msg":"Start to listen to","port":"6000"}
{"level":"info","ts":"2023-01-25T18:46:56.011+0300","caller":"api/logger.go:60","msg":"started","Method":"GET","URL":"/hello/","X-request-ID":"d76f3f4f-4299-4697-a501-4acfd9086c14"}
{"level":"info","ts":"2023-01-25T18:46:56.012+0300","caller":"api/logger.go:81","msg":"completed","Method":"GET","Code":200,"Status":"OK","URL":"/hello/","X-request-ID":"d76f3f4f-4299-4697-a501-4acfd9086c14","took":0.000011762}
{"level":"info","ts":"2023-01-25T18:46:56.014+0300","caller":"api/logger.go:60","msg":"started","Method":"POST","URL":"/hello/","X-request-ID":"764bab84-16c1-49a9-a69c-e01bf012c6f4"}
{"level":"info","ts":"2023-01-25T18:46:56.015+0300","caller":"api/logger.go:81","msg":"completed","Method":"POST","Code":200,"Status":"OK","URL":"/hello/","X-request-ID":"764bab84-16c1-49a9-a69c-e01bf012c6f4","took":0.001125545}
{"level":"info","ts":"2023-01-25T19:10:36.126+0300","caller":"api/gateway.go:58","msg":"Start to listen to","port":"6000"}
{"level":"info","ts":"2023-01-25T19:10:52.749+0300","caller":"api/gateway.go:58","msg":"Start to listen to","port":"6000"}
{"level":"info","ts":"2023-01-25T19:11:05.291+0300","caller":"api/logger.go:60","msg":"started","Method":"GET","URL":"/hello/","X-request-ID":"c1d524e4-ebda-4df7-b45e-b3d457665f05"}
{"level":"info","ts":"2023-01-25T19:11:05.291+0300","caller":"api/logger.go:81","msg":"completed","Method":"GET","Code":200,"Status":"OK","URL":"/hello/","X-request-ID":"c1d524e4-ebda-4df7-b45e-b3d457665f05","took":0.000019648}
{"level":"info","ts":"2023-01-25T19:11:05.295+0300","caller":"api/logger.go:60","msg":"started","Method":"POST","URL":"/hello/","X-request-ID":"75ab970c-754d-456c-877b-bffabb86a525"}
{"level":"info","ts":"2023-01-25T19:13:10.296+0300","caller":"api/logger.go:81","msg":"completed","Method":"POST","Code":200,"Status":"OK","URL":"/hello/","X-request-ID":"75ab970c-754d-456c-877b-bffabb86a525","took":125.000845586}
{"level":"info","ts":"2023-01-25T19:17:41.048+0300","caller":"api/gateway.go:58","msg":"Start to listen to","port":"6000"}
{"level":"info","ts":"2023-01-25T19:17:50.432+0300","caller":"api/logger.go:60","msg":"started","Method":"GET","URL":"/hello/","X-request-ID":"ba898cb5-8a1f-46b0-8b82-0bc0eb3342e1"}
{"level":"info","ts":"2023-01-25T19:17:50.432+0300","caller":"api/logger.go:81","msg":"completed","Method":"GET","Code":200,"Status":"OK","URL":"/hello/","X-request-ID":"ba898cb5-8a1f-46b0-8b82-0bc0eb3342e1","took":0.000021186}
{"level":"info","ts":"2023-01-25T19:17:50.433+0300","caller":"api/logger.go:60","msg":"started","Method":"POST","URL":"/hello/","X-request-ID":"231eeb57-84e0-4da1-91f1-ab8dc358dacc"}
{"level":"info","ts":"2023-01-25T19:18:43.250+0300","caller":"api/logger.go:81","msg":"completed","Method":"POST","Code":200,"Status":"OK","URL":"/hello/","X-request-ID":"231eeb57-84e0-4da1-91f1-ab8dc358dacc","took":52.816414441}
{"level":"info","ts":"2023-01-25T19:19:48.160+0300","caller":"api/gateway.go:58","msg":"Start to listen to","port":"6000"}
{"level":"info","ts":"2023-01-25T19:21:48.872+0300","caller":"api/gateway.go:58","msg":"Start to listen to","port":"6000"}
{"level":"info","ts":"2023-01-25T19:22:01.085+0300","caller":"api/logger.go:60","msg":"started","Method":"GET","URL":"/hello/","X-request-ID":"8e162358-03fe-46b1-a05d-68a057417b0a"}
{"level":"info","ts":"2023-01-25T19:22:01.086+0300","caller":"api/logger.go:81","msg":"completed","Method":"GET","Code":200,"Status":"OK","URL":"/hello/","X-request-ID":"8e162358-03fe-46b1-a05d-68a057417b0a","took":0.000038188}
{"level":"info","ts":"2023-01-25T19:22:01.090+0300","caller":"api/logger.go:60","msg":"started","Method":"POST","URL":"/hello/","X-request-ID":"b36ca719-7e4f-4b20-9d2d-67fb638e0154"}
{"level":"info","ts":"2023-01-25T19:22:44.959+0300","caller":"api/logger.go:81","msg":"completed","Method":"POST","Code":200,"Status":"OK","URL":"/hello/","X-request-ID":"b36ca719-7e4f-4b20-9d2d-67fb638e0154","took":43.868676712}
{"level":"info","ts":"2023-01-25T19:24:39.529+0300","caller":"api/gateway.go:58","msg":"Start to listen to","port":"6000"}
{"level":"info","ts":"2023-01-25T19:24:40.704+0300","caller":"api/logger.go:60","msg":"started","Method":"GET","URL":"/api/v1hello/","X-request-ID":"d4ac83cd-50fd-4b01-9e7c-d4557b1ae607"}
{"level":"info","ts":"2023-01-25T19:24:40.705+0300","caller":"api/logger.go:81","msg":"completed","Method":"GET","Code":200,"Status":"OK","URL":"/api/v1hello/","X-request-ID":"d4ac83cd-50fd-4b01-9e7c-d4557b1ae607","took":0.00007224}
{"level":"info","ts":"2023-01-25T19:24:40.709+0300","caller":"api/logger.go:60","msg":"started","Method":"POST","URL":"/api/v1hello/","X-request-ID":"13191fb5-bfee-4fff-8ee2-4982fb68da44"}
{"level":"info","ts":"2023-01-25T19:25:11.124+0300","caller":"api/logger.go:81","msg":"completed","Method":"POST","Code":200,"Status":"OK","URL":"/api/v1hello/","X-request-ID":"13191fb5-bfee-4fff-8ee2-4982fb68da44","took":30.414139881}
{"level":"info","ts":"2023-01-25T19:27:57.464+0300","caller":"api/gateway.go:58","msg":"Start to listen to","port":"6000"}
{"level":"info","ts":"2023-01-25T19:29:07.772+0300","caller":"api/gateway.go:58","msg":"Start to listen to","port":"6000"}
{"level":"info","ts":"2023-01-25T19:29:17.672+0300","caller":"api/logger.go:60","msg":"started","Method":"GET","URL":"/api/v1/hello/","X-request-ID":"0dad5206-d4e5-4228-b122-703ef7f25049"}
{"level":"info","ts":"2023-01-25T19:29:17.672+0300","caller":"api/logger.go:81","msg":"completed","Method":"GET","Code":200,"Status":"OK","URL":"/api/v1/hello/","X-request-ID":"0dad5206-d4e5-4228-b122-703ef7f25049","took":0.000025068}
{"level":"info","ts":"2023-01-25T19:29:17.678+0300","caller":"api/logger.go:60","msg":"started","Method":"POST","URL":"/api/v1/hello/","X-request-ID":"c2c03ef4-f38b-4876-aa0b-262110ef0d08"}
{"level":"info","ts":"2023-01-25T19:30:50.870+0300","caller":"api/logger.go:81","msg":"completed","Method":"POST","Code":200,"Status":"OK","URL":"/api/v1/hello/","X-request-ID":"c2c03ef4-f38b-4876-aa0b-262110ef0d08","took":93.191743317}
{"level":"info","ts":"2023-01-25T19:31:36.240+0300","caller":"api/gateway.go:58","msg":"Start to listen to","port":"6000"}
{"level":"info","ts":"2023-01-25T19:31:48.107+0300","caller":"api/logger.go:60","msg":"started","Method":"GET","URL":"/api/v1/hello/","X-request-ID":"c777c761-dadf-464f-ba1e-9f74376b57be"}
{"level":"info","ts":"2023-01-25T19:31:48.108+0300","caller":"api/logger.go:81","msg":"completed","Method":"GET","Code":200,"Status":"OK","URL":"/api/v1/hello/","X-request-ID":"c777c761-dadf-464f-ba1e-9f74376b57be","took":0.000006312}
{"level":"info","ts":"2023-01-25T19:31:48.110+0300","caller":"api/logger.go:60","msg":"started","Method":"POST","URL":"/api/v1/hello/","X-request-ID":"95fc3ad4-100d-4d71-b678-92c50f79d1f1"}
{"level":"info","ts":"2023-01-25T19:31:48.112+0300","caller":"api/logger.go:81","msg":"completed","Method":"POST","Code":200,"Status":"OK","URL":"/api/v1/hello/","X-request-ID":"95fc3ad4-100d-4d71-b678-92c50f79d1f1","took":0.00211072}
{"level":"info","ts":"2023-01-25T19:35:52.173+0300","caller":"api/gateway.go:58","msg":"Start to listen to","port":"6000"}
{"level":"info","ts":"2023-01-25T19:36:04.704+0300","caller":"api/logger.go:60","msg":"started","Method":"GET","URL":"/api/v1/hello/","X-request-ID":"f8bea689-e3f2-47d2-9283-bf5c8823786d"}
{"level":"info","ts":"2023-01-25T19:36:04.704+0300","caller":"api/logger.go:81","msg":"completed","Method":"GET","Code":200,"Status":"OK","URL":"/api/v1/hello/","X-request-ID":"f8bea689-e3f2-47d2-9283-bf5c8823786d","took":0.000015119}
{"level":"info","ts":"2023-01-25T19:36:04.706+0300","caller":"api/logger.go:60","msg":"started","Method":"POST","URL":"/api/v1/hello/","X-request-ID":"33f63f6e-d13b-4fae-b30f-b2b67b799ab0"}
{"level":"info","ts":"2023-01-25T19:36:04.708+0300","caller":"api/logger.go:81","msg":"completed","Method":"POST","Code":200,"Status":"OK","URL":"/api/v1/hello/","X-request-ID":"33f63f6e-d13b-4fae-b30f-b2b67b799ab0","took":0.002122989}
{"level":"info","ts":"2023-01-25T19:40:35.782+0300","caller":"api/gateway.go:58","msg":"Start to listen to","port":"6000"}
{"level":"info","ts":"2023-01-25T19:40:48.760+0300","caller":"api/logger.go:60","msg":"started","Method":"GET","URL":"/api/v1/hello/","X-request-ID":"c64b1a14-20b2-483c-a752-17c34addf1c5"}
{"level":"info","ts":"2023-01-25T19:40:48.760+0300","caller":"api/logger.go:81","msg":"completed","Method":"GET","Code":200,"Status":"OK","URL":"/api/v1/hello/","X-request-ID":"c64b1a14-20b2-483c-a752-17c34addf1c5","took":0.000028942}
{"level":"info","ts":"2023-01-25T19:40:48.763+0300","caller":"api/logger.go:60","msg":"started","Method":"POST","URL":"/api/v1/hello/","X-request-ID":"57b15b8a-5df9-46c5-8a13-6ae54b5e8251"}
{"level":"info","ts":"2023-01-25T19:40:52.224+0300","caller":"api/logger.go:81","msg":"completed","Method":"POST","Code":200,"Status":"OK","URL":"/api/v1/hello/","X-request-ID":"57b15b8a-5df9-46c5-8a13-6ae54b5e8251","took":3.461579126}
{"level":"info","ts":"2023-01-25T19:42:14.084+0300","caller":"api/logger.go:60","msg":"started","Method":"GET","URL":"/api/v1/helloMessage/","X-request-ID":"7a121b54-ae9e-48de-8beb-a3ccb8d5a396"}
{"level":"info","ts":"2023-01-25T19:42:14.084+0300","caller":"api/logger.go:81","msg":"completed","Method":"GET","Code":200,"Status":"OK","URL":"http://127.0.0.2:6001/api/v1/helloMessage/","X-request-ID":"7a121b54-ae9e-48de-8beb-a3ccb8d5a396","took":0.000475026}
{"level":"info","ts":"2023-01-25T19:49:00.592+0300","caller":"api/gateway.go:58","msg":"Start to listen to","port":"6000"}
{"level":"info","ts":"2023-01-25T19:49:12.408+0300","caller":"api/logger.go:60","msg":"started","Method":"GET","URL":"/api/v1/hello/","X-request-ID":"fc5d53ef-80e0-4bcd-acc6-45333b112c47"}
{"level":"info","ts":"2023-01-25T19:49:12.408+0300","caller":"api/logger.go:81","msg":"completed","Method":"GET","Code":200,"Status":"OK","URL":"/api/v1/hello/","X-request-ID":"fc5d53ef-80e0-4bcd-acc6-45333b112c47","took":0.000024025}
{"level":"info","ts":"2023-01-25T19:49:12.411+0300","caller":"api/logger.go:60","msg":"started","Method":"POST","URL":"/api/v1/hello/","X-request-ID":"e936f081-4be2-4483-834a-173cb3dda480"}
{"level":"info","ts":"2023-01-25T19:49:12.413+0300","caller":"api/logger.go:81","msg":"completed","Method":"POST","Code":200,"Status":"OK","URL":"/api/v1/hello/","X-request-ID":"e936f081-4be2-4483-834a-173cb3dda480","took":0.001734011}
{"level":"info","ts":"2023-01-25T19:51:20.492+0300","caller":"api/logger.go:60","msg":"started","Method":"GET","URL":"/api/v1/helloMessage/","X-request-ID":"72377b77-a201-4b75-ae77-ad118f7e7f45"}
{"level":"info","ts":"2023-01-25T19:51:20.493+0300","caller":"api/logger.go:81","msg":"completed","Method":"GET","Code":200,"Status":"OK","URL":"http://127.0.0.2:6001/api/v1/helloMessage/","X-request-ID":"72377b77-a201-4b75-ae77-ad118f7e7f45","took":0.000956161}
{"level":"info","ts":"2023-01-25T19:52:10.788+0300","caller":"api/logger.go:60","msg":"started","Method":"POST","URL":"/api/v1/registration/new/","X-request-ID":"78e59462-1c2e-4572-9e44-f691a3821989"}
{"level":"warn","ts":"2023-01-25T19:52:10.809+0300","caller":"api/logger.go:79","msg":"completed","Method":"POST","Code":409,"Status":"Conflict","URL":"http://127.0.0.2:6001/api/v1/registration/new/","X-request-ID":"78e59462-1c2e-4572-9e44-f691a3821989","took":0.020948038}
{"level":"info","ts":"2023-01-25T19:53:20.034+0300","caller":"api/logger.go:60","msg":"started","Method":"POST","URL":"/api/v1/registration/new/","X-request-ID":"8a862e21-8dda-4991-84bf-89d310b93a5d"}
{"level":"info","ts":"2023-01-25T19:53:20.134+0300","caller":"api/logger.go:81","msg":"completed","Method":"POST","Code":201,"Status":"Created","URL":"http://127.0.0.2:6001/api/v1/registration/new/","X-request-ID":"8a862e21-8dda-4991-84bf-89d310b93a5d","took":0.099867042}
{"level":"info","ts":"2023-01-25T19:54:09.426+0300","caller":"api/logger.go:60","msg":"started","Method":"POST","URL":"/api/v1/login/","X-request-ID":"c6f90d91-28ae-45bf-bbd3-9e2ac9a20c84"}
{"level":"info","ts":"2023-01-25T19:54:09.506+0300","caller":"api/logger.go:81","msg":"completed","Method":"POST","Code":200,"Status":"OK","URL":"http://127.0.0.2:6001/api/v1/login/","X-request-ID":"c6f90d91-28ae-45bf-bbd3-9e2ac9a20c84","took":0.080120247}
{"level":"info","ts":"2023-01-25T21:08:54.511+0300","caller":"api/gateway.go:58","msg":"Start to listen to","port":"6000"}
{"level":"info","ts":"2023-01-25T21:09:13.481+0300","caller":"api/logger.go:60","msg":"started","Method":"GET","URL":"/api/v1/hello/","X-request-ID":"c1542650-6304-4c86-95c8-36b16e626995"}
{"level":"info","ts":"2023-01-25T21:09:13.481+0300","caller":"api/logger.go:81","msg":"completed","Method":"GET","Code":200,"Status":"OK","URL":"/api/v1/hello/","X-request-ID":"c1542650-6304-4c86-95c8-36b16e626995","took":0.000011942}
{"level":"info","ts":"2023-01-25T21:09:13.482+0300","caller":"api/logger.go:60","msg":"started","Method":"POST","URL":"/api/v1/hello/","X-request-ID":"d8b399a6-1464-4243-92e0-af2b3f932682"}
{"level":"info","ts":"2023-01-25T21:09:13.484+0300","caller":"api/logger.go:81","msg":"completed","Method":"POST","Code":200,"Status":"OK","URL":"/api/v1/hello/","X-request-ID":"d8b399a6-1464-4243-92e0-af2b3f932682","took":0.001654698}
{"level":"info","ts":"2023-01-25T21:10:29.787+0300","caller":"api/logger.go:60","msg":"started","Method":"POST","URL":"/api/v1/login/","X-request-ID":"53dfb10a-1e20-40b9-a831-fde567042b67"}
{"level":"info","ts":"2023-01-25T21:10:29.897+0300","caller":"api/logger.go:81","msg":"completed","Method":"POST","Code":200,"Status":"OK","URL":"http://127.0.0.2:6001/api/v1/login/","X-request-ID":"53dfb10a-1e20-40b9-a831-fde567042b67","took":0.109784412}
{"level":"info","ts":"2023-01-25T21:11:33.417+0300","caller":"api/logger.go:60","msg":"started","Method":"GET","URL":"/api/v1/user/info/","X-request-ID":"a74f057e-341e-4a8e-9352-e6298b63cff8"}
{"level":"info","ts":"2023-01-25T21:11:33.419+0300","caller":"api/logger.go:81","msg":"completed","Method":"GET","Code":200,"Status":"OK","URL":"http://127.0.0.2:6001/api/v1/user/info/","X-request-ID":"a74f057e-341e-4a8e-9352-e6298b63cff8","took":0.001965311}
